build/app/intermediates/manifest_merge_blame_file/debug/manifest-merger-blame-debug-report.txt
1<?xml version="1.0" encoding="utf-8"?>
2<manifest xmlns:android="http://schemas.android.com/apk/res/android"
3    package="com.example.my_aws_project"
4    android:versionCode="1"
5    android:versionName="1.0.0" >
6
7    <uses-sdk
8        android:minSdkVersion="21"
9        android:targetSdkVersion="31" />
10    <!--
11         The INTERNET permission is required for development. Specifically,
12         the Flutter tool needs it to communicate with the running application
13         to allow setting breakpoints, to provide hot reload, etc.
14    -->
15    <uses-permission android:name="android.permission.INTERNET" />
15-->src\debug\AndroidManifest.xml:7:5-66
15-->src\debug\AndroidManifest.xml:7:22-64
16    <uses-permission android:name="android.permission.CAMERA" />
16-->[:camera_android] AndroidManifest.xml:9:5-65
16-->[:camera_android] AndroidManifest.xml:9:22-62
17    <uses-permission android:name="android.permission.RECORD_AUDIO" />
17-->[:camera_android] AndroidManifest.xml:10:5-71
17-->[:camera_android] AndroidManifest.xml:10:22-68
18    <uses-permission android:name="android.permission.ACCESS_NETWORK_STATE" /> <!-- Permission will be merged into the manifest of the hosting app. -->
18-->[com.amazonaws:aws-android-sdk-mobile-client:2.41.0] AndroidManifest.xml:18:5-79
18-->[com.amazonaws:aws-android-sdk-mobile-client:2.41.0] AndroidManifest.xml:18:22-76
19    <!-- Is required to launch foreground extraction service for targetSdkVersion 28+. -->
20    <uses-permission android:name="android.permission.FOREGROUND_SERVICE" />
20-->[com.google.android.play:core:1.9.1] AndroidManifest.xml:8:3-74
20-->[com.google.android.play:core:1.9.1] AndroidManifest.xml:8:20-72
21
22    <application
23        android:name="android.app.Application"
24        android:appComponentFactory="androidx.core.app.CoreComponentFactory"
24-->[androidx.core:core:1.6.0] AndroidManifest.xml:24:18-86
25        android:debuggable="true"
26        android:icon="@mipmap/ic_launcher"
27        android:label="my_aws_project" >
28        <activity
29            android:name="com.example.my_aws_project.MainActivity"
30            android:configChanges="orientation|keyboardHidden|keyboard|screenSize|smallestScreenSize|locale|layoutDirection|fontScale|screenLayout|density|uiMode"
31            android:exported="true"
32            android:hardwareAccelerated="true"
33            android:launchMode="singleTop"
34            android:theme="@style/LaunchTheme"
35            android:windowSoftInputMode="adjustResize" >
36
37            <!--
38                 Specifies an Android theme to apply to this Activity as soon as
39                 the Android process has started. This theme is visible to the user
40                 while the Flutter UI initializes. After that, this theme continues
41                 to determine the Window background behind the Flutter UI.
42            -->
43            <meta-data
44                android:name="io.flutter.embedding.android.NormalTheme"
45                android:resource="@style/NormalTheme" />
46
47            <intent-filter>
48                <action android:name="android.intent.action.MAIN" />
49
50                <category android:name="android.intent.category.LAUNCHER" />
51            </intent-filter>
52        </activity>
53        <!--
54             Don't delete the meta-data below.
55             This is used by the Flutter tool to generate GeneratedPluginRegistrant.java
56        -->
57        <meta-data
58            android:name="flutterEmbedding"
59            android:value="2" />
60
61        <uses-library
61-->[androidx.window:window:1.0.0-beta04] AndroidManifest.xml:25:9-27:40
62            android:name="androidx.window.extensions"
62-->[androidx.window:window:1.0.0-beta04] AndroidManifest.xml:26:13-54
63            android:required="false" />
63-->[androidx.window:window:1.0.0-beta04] AndroidManifest.xml:27:13-37
64        <uses-library
64-->[androidx.window:window:1.0.0-beta04] AndroidManifest.xml:28:9-30:40
65            android:name="androidx.window.sidecar"
65-->[androidx.window:window:1.0.0-beta04] AndroidManifest.xml:29:13-51
66            android:required="false" />
66-->[androidx.window:window:1.0.0-beta04] AndroidManifest.xml:30:13-37
67
68        <activity
68-->[com.amplifyframework:core:1.33.0] AndroidManifest.xml:27:9-29:54
69            android:name="com.amplifyframework.devmenu.DeveloperMenuActivity"
69-->[com.amplifyframework:core:1.33.0] AndroidManifest.xml:28:13-78
70            android:theme="@style/OverlayActivity" />
70-->[com.amplifyframework:core:1.33.0] AndroidManifest.xml:29:13-51
71        <activity
71-->[com.amazonaws:aws-android-sdk-cognitoauth:2.41.0] AndroidManifest.xml:12:9-16:75
72            android:name="com.amazonaws.mobileconnectors.cognitoauth.activities.CustomTabsManagerActivity"
72-->[com.amazonaws:aws-android-sdk-cognitoauth:2.41.0] AndroidManifest.xml:13:13-107
73            android:exported="false"
73-->[com.amazonaws:aws-android-sdk-cognitoauth:2.41.0] AndroidManifest.xml:14:13-37
74            android:launchMode="singleTask"
74-->[com.amazonaws:aws-android-sdk-cognitoauth:2.41.0] AndroidManifest.xml:15:13-44
75            android:theme="@android:style/Theme.Translucent.NoTitleBar" />
75-->[com.amazonaws:aws-android-sdk-cognitoauth:2.41.0] AndroidManifest.xml:16:13-72
76
77        <uses-library
77-->[com.amazonaws:aws-android-sdk-core:2.41.0] AndroidManifest.xml:11:9-13:40
78            android:name="org.apache.http.legacy"
78-->[com.amazonaws:aws-android-sdk-core:2.41.0] AndroidManifest.xml:12:13-50
79            android:required="false" /> <!-- The activities will be merged into the manifest of the hosting app. -->
79-->[com.amazonaws:aws-android-sdk-core:2.41.0] AndroidManifest.xml:13:13-37
80        <activity
80-->[com.google.android.play:core:1.9.1] AndroidManifest.xml:12:5-271
81            android:name="com.google.android.play.core.missingsplits.PlayCoreMissingSplitsActivity"
81-->[com.google.android.play:core:1.9.1] AndroidManifest.xml:12:15-102
82            android:enabled="false"
82-->[com.google.android.play:core:1.9.1] AndroidManifest.xml:12:103-126
83            android:exported="false"
83-->[com.google.android.play:core:1.9.1] AndroidManifest.xml:12:127-151
84            android:launchMode="singleInstance"
84-->[com.google.android.play:core:1.9.1] AndroidManifest.xml:12:204-239
85            android:process=":playcore_missing_splits_activity"
85-->[com.google.android.play:core:1.9.1] AndroidManifest.xml:12:152-203
86            android:stateNotNeeded="true" />
86-->[com.google.android.play:core:1.9.1] AndroidManifest.xml:12:240-269
87        <activity
87-->[com.google.android.play:core:1.9.1] AndroidManifest.xml:13:5-226
88            android:name="com.google.android.play.core.common.PlayCoreDialogWrapperActivity"
88-->[com.google.android.play:core:1.9.1] AndroidManifest.xml:13:15-95
89            android:enabled="false"
89-->[com.google.android.play:core:1.9.1] AndroidManifest.xml:13:96-119
90            android:exported="false"
90-->[com.google.android.play:core:1.9.1] AndroidManifest.xml:13:120-144
91            android:stateNotNeeded="true"
91-->[com.google.android.play:core:1.9.1] AndroidManifest.xml:13:145-174
92            android:theme="@style/Theme.PlayCore.Transparent" /> <!-- The services will be merged into the manifest of the hosting app. -->
92-->[com.google.android.play:core:1.9.1] AndroidManifest.xml:13:175-224
93        <service
93-->[com.google.android.play:core:1.9.1] AndroidManifest.xml:16:5-18:15
94            android:name="com.google.android.play.core.assetpacks.AssetPackExtractionService"
94-->[com.google.android.play:core:1.9.1] AndroidManifest.xml:16:14-95
95            android:enabled="false"
95-->[com.google.android.play:core:1.9.1] AndroidManifest.xml:16:96-119
96            android:exported="true" >
96-->[com.google.android.play:core:1.9.1] AndroidManifest.xml:16:120-143
97            <meta-data
97-->[com.google.android.play:core:1.9.1] AndroidManifest.xml:17:7-108
98                android:name="com.google.android.play.core.assetpacks.versionCode"
98-->[com.google.android.play:core:1.9.1] AndroidManifest.xml:17:18-84
99                android:value="10901" />
99-->[com.google.android.play:core:1.9.1] AndroidManifest.xml:17:85-106
100        </service>
101        <service
101-->[com.google.android.play:core:1.9.1] AndroidManifest.xml:19:5-147
102            android:name="com.google.android.play.core.assetpacks.ExtractionForegroundService"
102-->[com.google.android.play:core:1.9.1] AndroidManifest.xml:19:14-96
103            android:enabled="false"
103-->[com.google.android.play:core:1.9.1] AndroidManifest.xml:19:97-120
104            android:exported="false" />
104-->[com.google.android.play:core:1.9.1] AndroidManifest.xml:19:121-145
105    </application>
106
107</manifest>